\BOOKMARK [1][-]{section.1}{Einf\374hrung}{}% 1
\BOOKMARK [2][-]{subsection.1.1}{Ziele}{section.1}% 2
\BOOKMARK [2][-]{subsection.1.2}{Voraussetzungen}{section.1}% 3
\BOOKMARK [2][-]{subsection.1.3}{Aufgabenstellung}{section.1}% 4
\BOOKMARK [2][-]{subsection.1.4}{Bewertung}{section.1}% 5
\BOOKMARK [1][-]{section.2}{Abgabe}{}% 6
\BOOKMARK [1][-]{section.3}{Architekturm\366glichkeiten}{}% 7
\BOOKMARK [2][-]{subsection.3.1}{Client-Server Architektur}{section.3}% 8
\BOOKMARK [3][-]{subsubsection.3.1.1}{Vorteile}{subsection.3.1}% 9
\BOOKMARK [3][-]{subsubsection.3.1.2}{Nachteile}{subsection.3.1}% 10
\BOOKMARK [2][-]{subsection.3.2}{Peer-to-Peer Architektur}{section.3}% 11
\BOOKMARK [3][-]{subsubsection.3.2.1}{Vorteile}{subsection.3.2}% 12
\BOOKMARK [3][-]{subsubsection.3.2.2}{Nachteile}{subsection.3.2}% 13
\BOOKMARK [2][-]{subsection.3.3}{Gew\344hlte Architektur}{section.3}% 14
\BOOKMARK [1][-]{section.4}{Gew\344hlte Datenbank - Firebase}{}% 15
\BOOKMARK [1][-]{section.5}{Alternativen}{}% 16
\BOOKMARK [2][-]{subsection.5.1}{Couchbase Mobile}{section.5}% 17
\BOOKMARK [2][-]{subsection.5.2}{RethinkDB}{section.5}% 18
\BOOKMARK [1][-]{section.6}{Umsetzung}{}% 19
\BOOKMARK [2][-]{subsection.6.1}{Firebase einrichten}{section.6}% 20
\BOOKMARK [1][-]{section.7}{APK builden}{}% 21
